<?xml version="1.0" encoding="UTF-8"?>
<!-- Generated by org.testng.reporters.JUnitReportReporter -->
<testsuite skipped="0" hostname="ANKUR-JH9R5PSD" name="com.test.TestngBasic" tests="1" failures="0" timestamp="2021-02-09T20:18:48 IST" time="1.522" errors="0">
  <testcase name="test" time="1.522" classname="com.test.TestngBasic"/>
</testsuite> <!-- com.test.TestngBasic -->
