<?xml version="1.0" encoding="UTF-8"?>
<!-- Generated by org.testng.reporters.JUnitReportReporter -->
<testsuite skipped="0" hostname="ANKUR-JH9R5PSD" name="com.test.TestngBasicss" tests="3" failures="0" timestamp="2022-01-07T14:48:42 IST" time="0.008" errors="0">
  <testcase name="SearchTest" time="0.001" classname="com.test.TestngBasicss"/>
  <testcase name="DashboardTest" time="0.006" classname="com.test.TestngBasicss"/>
  <testcase name="ValidateTitleTest" time="0.001" classname="com.test.TestngBasicss"/>
</testsuite> <!-- com.test.TestngBasicss -->
