<?xml version="1.0" encoding="UTF-8"?>
<!-- Generated by org.testng.reporters.JUnitReportReporter -->
<testsuite skipped="0" hostname="ANKUR-JH9R5PSD" name="utility.ExcelToDataProvider" tests="2" failures="0" timestamp="2020-10-07T22:13:49 IST" time="38.422" errors="0">
  <testcase name="filluserfrom" time="18.969" classname="utility.ExcelToDataProvider"/>
  <testcase name="filluserfrom" time="19.453" classname="utility.ExcelToDataProvider"/>
</testsuite> <!-- utility.ExcelToDataProvider -->
