<?xml version="1.0" encoding="UTF-8"?>
<!-- Generated by org.testng.reporters.JUnitReportReporter -->
<testsuite skipped="0" hostname="ANKUR-JH9R5PSD" name="testng.TestngBasics" tests="3" failures="0" timestamp="2022-01-07T10:38:21 IST" time="0.007" errors="0">
  <testcase name="TitleTest" time="0.005" classname="testng.TestngBasics"/>
  <testcase name="DashboardTest" time="0.001" classname="testng.TestngBasics"/>
  <testcase name="LogoTest" time="0.001" classname="testng.TestngBasics"/>
</testsuite> <!-- testng.TestngBasics -->
